<?xml version="1.0" encoding="UTF-8"?>
<!-- Generated by org.testng.reporters.JUnitReportReporter -->
<testsuite hostname="DESKTOP-LBIU6S2" failures="0" tests="3" name="Seleniumnucoteveningbatchss.Annotationdemo" time="0.036" errors="0" timestamp="12 Jun 2023 14:08:31 GMT" skipped="0">
  <testcase classname="Seleniumnucoteveningbatchss.Annotationdemo" name="test3" time="0.008"/>
  <testcase classname="Seleniumnucoteveningbatchss.Annotationdemo" name="test1" time="0.024"/>
  <testcase classname="Seleniumnucoteveningbatchss.Annotationdemo" name="test2" time="0.004"/>
</testsuite> <!-- Seleniumnucoteveningbatchss.Annotationdemo -->
